TN:
SF:app.js
FN:19,startServer
FN:49,stopServer
FNF:2
FNH:2
FNDA:3,startServer
FNDA:3,stopServer
DA:1,1
DA:2,1
DA:3,1
DA:4,1
DA:5,1
DA:6,1
DA:7,1
DA:8,1
DA:9,1
DA:10,1
DA:11,1
DA:12,1
DA:13,1
DA:14,1
DA:15,1
DA:16,1
DA:17,1
DA:18,1
DA:19,1
DA:20,3
DA:21,3
DA:22,3
DA:23,3
DA:24,3
DA:25,3
DA:26,3
DA:27,3
DA:28,3
DA:29,3
DA:30,3
DA:31,3
DA:32,3
DA:33,0
DA:34,0
DA:35,3
DA:36,3
DA:37,0
DA:38,0
DA:39,0
DA:40,3
DA:41,3
DA:42,3
DA:43,3
DA:44,3
DA:45,3
DA:46,3
DA:47,3
DA:48,1
DA:49,1
DA:50,3
DA:51,3
DA:52,3
DA:53,3
DA:54,3
DA:55,3
DA:56,0
DA:57,0
DA:58,3
DA:59,3
DA:60,3
LF:60
LH:53
BRDA:19,0,0,3
BRDA:49,1,0,3
BRDA:50,2,0,3
BRDA:51,3,0,3
BRDA:55,4,0,0
BRF:5
BRH:4
end_of_record
TN:
SF:config.js
FN:4,required
FNF:1
FNH:1
FNDA:45,required
DA:1,1
DA:2,1
DA:3,1
DA:4,45
DA:5,45
DA:6,45
DA:7,0
DA:8,0
DA:9,45
DA:10,45
DA:11,1
DA:12,1
DA:13,1
DA:14,1
DA:15,1
DA:16,1
DA:17,1
DA:18,1
DA:19,1
DA:20,1
DA:21,1
DA:22,1
DA:23,1
DA:24,1
DA:25,1
DA:26,1
DA:27,1
DA:28,1
DA:29,1
DA:30,1
LF:30
LH:28
BRDA:4,0,0,45
BRDA:5,1,0,5
BRDA:6,2,0,0
BRF:3
BRH:2
end_of_record
TN:
SF:index.js
FN:1,(empty-report)
FNF:1
FNH:0
FNDA:0,(empty-report)
DA:1,0
DA:2,0
DA:3,0
DA:4,0
LF:4
LH:0
BRDA:1,0,0,0
BRF:1
BRH:0
end_of_record
TN:
SF:connection/socket.js
FN:6,Socket
FN:33,initSocket
FN:38,getSocketIO
FNF:3
FNH:3
FNDA:3,Socket
FNDA:3,initSocket
FNDA:10,getSocketIO
DA:1,1
DA:2,1
DA:3,1
DA:4,1
DA:5,1
DA:6,1
DA:7,3
DA:8,3
DA:9,3
DA:10,3
DA:11,3
DA:12,3
DA:13,3
DA:14,4
DA:15,4
DA:16,3
DA:17,3
DA:18,1
DA:19,1
DA:20,0
DA:21,0
DA:22,1
DA:23,1
DA:24,1
DA:25,3
DA:26,3
DA:27,1
DA:28,1
DA:29,3
DA:30,1
DA:31,1
DA:32,1
DA:33,1
DA:34,3
DA:35,3
DA:36,3
DA:37,3
DA:38,1
DA:39,10
DA:40,0
DA:41,0
DA:42,10
DA:43,10
LF:43
LH:39
BRDA:6,0,0,3
BRDA:13,1,0,4
BRDA:15,2,0,3
BRDA:18,3,0,1
BRDA:18,4,0,1
BRDA:19,5,0,0
BRDA:26,6,0,1
BRDA:33,7,0,3
BRDA:38,8,0,10
BRDA:39,9,0,0
BRF:10
BRH:8
end_of_record
TN:
SF:controller/auth.js
FN:7,signup
FN:25,login
FN:39,createJwtToken
FN:45,me
FNF:4
FNH:4
FNDA:24,signup
FNDA:3,login
FNDA:24,createJwtToken
FNDA:1,me
DA:1,1
DA:2,1
DA:3,1
DA:4,1
DA:5,1
DA:6,1
DA:7,1
DA:8,24
DA:9,24
DA:10,24
DA:11,1
DA:12,1
DA:13,24
DA:14,24
DA:15,24
DA:16,24
DA:17,24
DA:18,24
DA:19,24
DA:20,24
DA:21,24
DA:22,24
DA:23,24
DA:24,1
DA:25,1
DA:26,3
DA:27,3
DA:28,3
DA:29,1
DA:30,1
DA:31,2
DA:32,3
DA:33,1
DA:34,1
DA:35,1
DA:36,1
DA:37,1
DA:38,1
DA:39,24
DA:40,24
DA:41,24
DA:42,24
DA:43,24
DA:44,1
DA:45,1
DA:46,1
DA:47,1
DA:48,0
DA:49,0
DA:50,1
DA:51,1
LF:51
LH:49
BRDA:7,0,0,24
BRDA:10,1,0,1
BRDA:25,2,0,3
BRDA:28,3,0,1
BRDA:31,4,0,2
BRDA:32,5,0,1
BRDA:39,6,0,24
BRDA:45,7,0,1
BRDA:47,8,0,0
BRF:9
BRH:8
end_of_record
TN:
SF:controller/tweet.js
FN:2,TweetController
FN:7,<instance_members_initializer>
FN:7,getTweets
FN:15,getTweet
FN:25,createTweet
FN:32,updateTweet
FN:46,deleteTweet
FNF:7
FNH:7
FNDA:15,TweetController
FNDA:15,<instance_members_initializer>
FNDA:4,getTweets
FNDA:6,getTweet
FNDA:12,createTweet
FNDA:6,updateTweet
FNDA:6,deleteTweet
DA:1,1
DA:2,1
DA:3,15
DA:4,15
DA:5,15
DA:6,1
DA:7,1
DA:8,4
DA:9,4
DA:10,4
DA:11,4
DA:12,4
DA:13,4
DA:14,15
DA:15,15
DA:16,6
DA:17,6
DA:18,6
DA:19,3
DA:20,3
DA:21,3
DA:22,3
DA:23,6
DA:24,15
DA:25,15
DA:26,12
DA:27,12
DA:28,12
DA:29,12
DA:30,12
DA:31,15
DA:32,15
DA:33,6
DA:34,6
DA:35,6
DA:36,6
DA:37,2
DA:38,2
DA:39,6
DA:40,2
DA:41,2
DA:42,2
DA:43,2
DA:44,2
DA:45,15
DA:46,15
DA:47,6
DA:48,6
DA:49,6
DA:50,2
DA:51,2
DA:52,6
DA:53,2
DA:54,2
DA:55,2
DA:56,2
DA:57,2
DA:58,1
LF:58
LH:58
BRDA:2,0,0,15
BRDA:7,1,0,15
BRDA:7,2,0,4
BRDA:15,3,0,6
BRDA:18,4,0,3
BRDA:25,5,0,12
BRDA:32,6,0,6
BRDA:36,7,0,2
BRDA:39,8,0,4
BRDA:39,9,0,2
BRDA:46,10,0,6
BRDA:49,11,0,2
BRDA:52,12,0,4
BRDA:52,13,0,2
BRF:14
BRH:14
end_of_record
TN:
SF:data/auth.js
FN:35,findByUsername
FN:39,findById
FN:43,createUser
FNF:3
FNH:3
FNDA:27,findByUsername
FNDA:25,findById
FNDA:23,createUser
DA:1,1
DA:2,1
DA:3,1
DA:4,1
DA:5,1
DA:6,1
DA:7,1
DA:8,1
DA:9,1
DA:10,1
DA:11,1
DA:12,1
DA:13,1
DA:14,1
DA:15,1
DA:16,1
DA:17,1
DA:18,1
DA:19,1
DA:20,1
DA:21,1
DA:22,1
DA:23,1
DA:24,1
DA:25,1
DA:26,1
DA:27,1
DA:28,1
DA:29,1
DA:30,1
DA:31,1
DA:32,1
DA:33,1
DA:34,1
DA:35,1
DA:36,27
DA:37,27
DA:38,1
DA:39,1
DA:40,25
DA:41,25
DA:42,1
DA:43,1
DA:44,23
DA:45,23
LF:45
LH:45
BRDA:35,0,0,27
BRDA:39,1,0,25
BRDA:43,2,0,23
BRDA:44,3,0,23
BRF:4
BRH:4
end_of_record
TN:
SF:data/tweet.js
FN:41,getAll
FN:45,getAllByUsername
FN:56,getById
FN:63,create
FN:68,update
FN:76,remove
FNF:6
FNH:6
FNDA:1,getAll
FNDA:1,getAllByUsername
FNDA:20,getById
FNDA:10,create
FNDA:1,update
FNDA:1,remove
DA:1,1
DA:2,1
DA:3,1
DA:4,1
DA:5,1
DA:6,1
DA:7,1
DA:8,1
DA:9,1
DA:10,1
DA:11,1
DA:12,1
DA:13,1
DA:14,1
DA:15,1
DA:16,1
DA:17,1
DA:18,1
DA:19,1
DA:20,1
DA:21,1
DA:22,1
DA:23,1
DA:24,1
DA:25,1
DA:26,1
DA:27,1
DA:28,1
DA:29,1
DA:30,1
DA:31,1
DA:32,1
DA:33,1
DA:34,1
DA:35,1
DA:36,1
DA:37,1
DA:38,1
DA:39,1
DA:40,1
DA:41,1
DA:42,1
DA:43,1
DA:44,1
DA:45,1
DA:46,1
DA:47,1
DA:48,1
DA:49,1
DA:50,1
DA:51,1
DA:52,1
DA:53,1
DA:54,1
DA:55,1
DA:56,1
DA:57,20
DA:58,20
DA:59,20
DA:60,20
DA:61,20
DA:62,1
DA:63,1
DA:64,10
DA:65,10
DA:66,10
DA:67,1
DA:68,1
DA:69,1
DA:70,1
DA:71,1
DA:72,1
DA:73,1
DA:74,1
DA:75,1
DA:76,1
DA:77,1
DA:78,1
DA:79,1
DA:80,1
DA:81,1
LF:81
LH:81
BRDA:41,0,0,1
BRDA:45,1,0,1
BRDA:56,2,0,20
BRDA:63,3,0,10
BRDA:65,4,0,10
BRDA:68,5,0,1
BRDA:70,6,0,1
BRDA:76,7,0,1
BRDA:78,8,0,1
BRF:9
BRH:9
end_of_record
TN:
SF:db/database.js
FNF:0
FNH:0
DA:1,1
DA:2,1
DA:3,1
DA:4,1
DA:5,1
DA:6,1
DA:7,1
DA:8,1
DA:9,1
LF:9
LH:9
BRF:0
BRH:0
end_of_record
TN:
SF:middleware/auth.js
FN:7,isAuth
FNF:1
FNH:1
FNDA:29,isAuth
DA:1,1
DA:2,1
DA:3,1
DA:4,1
DA:5,1
DA:6,1
DA:7,1
DA:8,29
DA:9,29
DA:10,2
DA:11,2
DA:12,27
DA:13,27
DA:14,27
DA:15,27
DA:16,1
DA:17,1
DA:18,27
DA:19,27
DA:20,1
DA:21,1
DA:22,25
DA:23,25
DA:24,25
DA:25,25
DA:26,27
LF:26
LH:26
BRDA:7,0,0,29
BRDA:9,1,0,28
BRDA:9,2,0,2
BRDA:12,3,0,27
BRDA:14,4,0,27
BRDA:15,5,0,1
BRDA:19,6,0,25
BRDA:19,7,0,1
BRF:8
BRH:8
end_of_record
TN:
SF:middleware/validator.js
FN:3,validate
FNF:1
FNH:1
FNDA:74,validate
DA:1,1
DA:2,1
DA:3,1
DA:4,74
DA:5,74
DA:6,67
DA:7,67
DA:8,73
DA:9,73
LF:9
LH:9
BRDA:3,0,0,74
BRDA:5,1,0,73
BRDA:5,2,0,67
BRF:3
BRH:3
end_of_record
TN:
SF:router/auth.js
FNF:0
FNH:0
DA:1,1
DA:2,1
DA:3,1
DA:4,1
DA:5,1
DA:6,1
DA:7,1
DA:8,1
DA:9,1
DA:10,1
DA:11,1
DA:12,1
DA:13,1
DA:14,1
DA:15,1
DA:16,1
DA:17,1
DA:18,1
DA:19,1
DA:20,1
DA:21,1
DA:22,1
DA:23,1
DA:24,1
DA:25,1
DA:26,1
DA:27,1
DA:28,1
DA:29,1
DA:30,1
DA:31,1
DA:32,1
DA:33,1
DA:34,1
DA:35,1
DA:36,1
DA:37,1
DA:38,1
LF:38
LH:38
BRF:0
BRH:0
end_of_record
TN:
SF:router/tweets.js
FN:17,tweetsRouter
FNF:1
FNH:1
FNDA:3,tweetsRouter
DA:1,1
DA:2,1
DA:3,1
DA:4,1
DA:5,1
DA:6,1
DA:7,1
DA:8,1
DA:9,1
DA:10,1
DA:11,1
DA:12,1
DA:13,1
DA:14,1
DA:15,1
DA:16,1
DA:17,1
DA:18,3
DA:19,3
DA:20,3
DA:21,3
DA:22,3
DA:23,3
DA:24,3
DA:25,3
DA:26,3
DA:27,3
DA:28,3
DA:29,3
DA:30,3
DA:31,3
DA:32,3
DA:33,3
DA:34,3
LF:34
LH:34
BRDA:17,0,0,3
BRF:1
BRH:1
end_of_record
