TN:
SF:app.js
FN:19,startServer
FN:49,stopServer
FNF:2
FNH:2
FNDA:1,startServer
FNDA:1,stopServer
DA:1,1
DA:2,1
DA:3,1
DA:4,1
DA:5,1
DA:6,1
DA:7,1
DA:8,1
DA:9,1
DA:10,1
DA:11,1
DA:12,1
DA:13,1
DA:14,1
DA:15,1
DA:16,1
DA:17,1
DA:18,1
DA:19,1
DA:20,1
DA:21,1
DA:22,1
DA:23,1
DA:24,1
DA:25,1
DA:26,1
DA:27,1
DA:28,1
DA:29,1
DA:30,1
DA:31,1
DA:32,1
DA:33,0
DA:34,0
DA:35,1
DA:36,1
DA:37,0
DA:38,0
DA:39,0
DA:40,1
DA:41,1
DA:42,1
DA:43,1
DA:44,1
DA:45,1
DA:46,1
DA:47,1
DA:48,1
DA:49,1
DA:50,1
DA:51,1
DA:52,1
DA:53,1
DA:54,1
DA:55,1
DA:56,0
DA:57,0
DA:58,1
DA:59,1
DA:60,1
LF:60
LH:53
BRDA:19,0,0,1
BRDA:49,1,0,1
BRDA:50,2,0,1
BRDA:51,3,0,1
BRDA:55,4,0,0
BRF:5
BRH:4
end_of_record
TN:
SF:config.js
FN:4,required
FNF:1
FNH:1
FNDA:27,required
DA:1,1
DA:2,1
DA:3,1
DA:4,27
DA:5,27
DA:6,27
DA:7,0
DA:8,0
DA:9,27
DA:10,27
DA:11,1
DA:12,1
DA:13,1
DA:14,1
DA:15,1
DA:16,1
DA:17,1
DA:18,1
DA:19,1
DA:20,1
DA:21,1
DA:22,1
DA:23,1
DA:24,1
DA:25,1
DA:26,1
DA:27,1
DA:28,1
DA:29,1
DA:30,1
LF:30
LH:28
BRDA:4,0,0,27
BRDA:5,1,0,3
BRDA:6,2,0,0
BRF:3
BRH:2
end_of_record
TN:
SF:index.js
FN:1,(empty-report)
FNF:1
FNH:0
FNDA:0,(empty-report)
DA:1,0
DA:2,0
DA:3,0
LF:3
LH:0
BRDA:1,0,0,0
BRF:1
BRH:0
end_of_record
TN:
SF:connection/socket.js
FN:6,Socket
FN:33,initSocket
FN:38,getSocketIO
FNF:3
FNH:3
FNDA:1,Socket
FNDA:1,initSocket
FNDA:10,getSocketIO
DA:1,1
DA:2,1
DA:3,1
DA:4,1
DA:5,1
DA:6,1
DA:7,1
DA:8,1
DA:9,1
DA:10,1
DA:11,1
DA:12,1
DA:13,1
DA:14,0
DA:15,0
DA:16,0
DA:17,0
DA:18,0
DA:19,0
DA:20,0
DA:21,0
DA:22,0
DA:23,0
DA:24,0
DA:25,1
DA:26,1
DA:27,0
DA:28,0
DA:29,1
DA:30,1
DA:31,1
DA:32,1
DA:33,1
DA:34,1
DA:35,1
DA:36,1
DA:37,1
DA:38,1
DA:39,10
DA:40,0
DA:41,0
DA:42,10
DA:43,10
LF:43
LH:28
BRDA:6,0,0,1
BRDA:33,1,0,1
BRDA:38,2,0,10
BRDA:39,3,0,0
BRF:4
BRH:3
end_of_record
TN:
SF:controller/auth.js
FN:7,signup
FN:25,login
FN:39,createJwtToken
FN:45,me
FNF:4
FNH:4
FNDA:22,signup
FNDA:3,login
FNDA:22,createJwtToken
FNDA:1,me
DA:1,1
DA:2,1
DA:3,1
DA:4,1
DA:5,1
DA:6,1
DA:7,1
DA:8,22
DA:9,22
DA:10,22
DA:11,1
DA:12,1
DA:13,22
DA:14,22
DA:15,22
DA:16,22
DA:17,22
DA:18,22
DA:19,22
DA:20,22
DA:21,22
DA:22,22
DA:23,22
DA:24,1
DA:25,1
DA:26,3
DA:27,3
DA:28,3
DA:29,1
DA:30,1
DA:31,2
DA:32,3
DA:33,1
DA:34,1
DA:35,1
DA:36,1
DA:37,1
DA:38,1
DA:39,22
DA:40,22
DA:41,22
DA:42,22
DA:43,22
DA:44,1
DA:45,1
DA:46,1
DA:47,1
DA:48,0
DA:49,0
DA:50,1
DA:51,1
LF:51
LH:49
BRDA:7,0,0,22
BRDA:10,1,0,1
BRDA:25,2,0,3
BRDA:28,3,0,1
BRDA:31,4,0,2
BRDA:32,5,0,1
BRDA:39,6,0,22
BRDA:45,7,0,1
BRDA:47,8,0,0
BRF:9
BRH:8
end_of_record
TN:
SF:controller/tweet.js
FN:2,TweetController
FN:7,<instance_members_initializer>
FN:7,getTweets
FN:15,getTweet
FN:25,createTweet
FN:32,updateTweet
FN:46,deleteTweet
FNF:7
FNH:7
FNDA:13,TweetController
FNDA:13,<instance_members_initializer>
FNDA:4,getTweets
FNDA:6,getTweet
FNDA:12,createTweet
FNDA:6,updateTweet
FNDA:6,deleteTweet
DA:1,1
DA:2,1
DA:3,13
DA:4,13
DA:5,13
DA:6,1
DA:7,1
DA:8,4
DA:9,4
DA:10,4
DA:11,4
DA:12,4
DA:13,4
DA:14,13
DA:15,13
DA:16,6
DA:17,6
DA:18,6
DA:19,3
DA:20,3
DA:21,3
DA:22,3
DA:23,6
DA:24,13
DA:25,13
DA:26,12
DA:27,12
DA:28,12
DA:29,12
DA:30,12
DA:31,13
DA:32,13
DA:33,6
DA:34,6
DA:35,6
DA:36,6
DA:37,2
DA:38,2
DA:39,6
DA:40,2
DA:41,2
DA:42,2
DA:43,2
DA:44,2
DA:45,13
DA:46,13
DA:47,6
DA:48,6
DA:49,6
DA:50,2
DA:51,2
DA:52,6
DA:53,2
DA:54,2
DA:55,2
DA:56,2
DA:57,2
DA:58,1
LF:58
LH:58
BRDA:2,0,0,13
BRDA:7,1,0,13
BRDA:7,2,0,4
BRDA:15,3,0,6
BRDA:18,4,0,3
BRDA:25,5,0,12
BRDA:32,6,0,6
BRDA:36,7,0,2
BRDA:39,8,0,4
BRDA:39,9,0,2
BRDA:46,10,0,6
BRDA:49,11,0,2
BRDA:52,12,0,4
BRDA:52,13,0,2
BRF:14
BRH:14
end_of_record
TN:
SF:data/auth.js
FN:35,findByUsername
FN:39,findById
FN:43,createUser
FNF:3
FNH:3
FNDA:25,findByUsername
FNDA:25,findById
FNDA:21,createUser
DA:1,1
DA:2,1
DA:3,1
DA:4,1
DA:5,1
DA:6,1
DA:7,1
DA:8,1
DA:9,1
DA:10,1
DA:11,1
DA:12,1
DA:13,1
DA:14,1
DA:15,1
DA:16,1
DA:17,1
DA:18,1
DA:19,1
DA:20,1
DA:21,1
DA:22,1
DA:23,1
DA:24,1
DA:25,1
DA:26,1
DA:27,1
DA:28,1
DA:29,1
DA:30,1
DA:31,1
DA:32,1
DA:33,1
DA:34,1
DA:35,1
DA:36,25
DA:37,25
DA:38,1
DA:39,1
DA:40,25
DA:41,25
DA:42,1
DA:43,1
DA:44,21
DA:45,21
LF:45
LH:45
BRDA:35,0,0,25
BRDA:39,1,0,25
BRDA:43,2,0,21
BRDA:44,3,0,21
BRF:4
BRH:4
end_of_record
TN:
SF:data/tweet.js
FN:41,getAll
FN:45,getAllByUsername
FN:56,getById
FN:63,create
FN:68,update
FN:76,remove
FNF:6
FNH:6
FNDA:1,getAll
FNDA:1,getAllByUsername
FNDA:20,getById
FNDA:10,create
FNDA:1,update
FNDA:1,remove
DA:1,1
DA:2,1
DA:3,1
DA:4,1
DA:5,1
DA:6,1
DA:7,1
DA:8,1
DA:9,1
DA:10,1
DA:11,1
DA:12,1
DA:13,1
DA:14,1
DA:15,1
DA:16,1
DA:17,1
DA:18,1
DA:19,1
DA:20,1
DA:21,1
DA:22,1
DA:23,1
DA:24,1
DA:25,1
DA:26,1
DA:27,1
DA:28,1
DA:29,1
DA:30,1
DA:31,1
DA:32,1
DA:33,1
DA:34,1
DA:35,1
DA:36,1
DA:37,1
DA:38,1
DA:39,1
DA:40,1
DA:41,1
DA:42,1
DA:43,1
DA:44,1
DA:45,1
DA:46,1
DA:47,1
DA:48,1
DA:49,1
DA:50,1
DA:51,1
DA:52,1
DA:53,1
DA:54,1
DA:55,1
DA:56,1
DA:57,20
DA:58,20
DA:59,20
DA:60,20
DA:61,20
DA:62,1
DA:63,1
DA:64,10
DA:65,10
DA:66,10
DA:67,1
DA:68,1
DA:69,1
DA:70,1
DA:71,1
DA:72,1
DA:73,1
DA:74,1
DA:75,1
DA:76,1
DA:77,1
DA:78,1
DA:79,1
DA:80,1
DA:81,1
LF:81
LH:81
BRDA:41,0,0,1
BRDA:45,1,0,1
BRDA:56,2,0,20
BRDA:63,3,0,10
BRDA:65,4,0,10
BRDA:68,5,0,1
BRDA:70,6,0,1
BRDA:76,7,0,1
BRDA:78,8,0,1
BRF:9
BRH:9
end_of_record
TN:
SF:db/database.js
FNF:0
FNH:0
DA:1,1
DA:2,1
DA:3,1
DA:4,1
DA:5,1
DA:6,1
DA:7,1
DA:8,1
DA:9,1
LF:9
LH:9
BRF:0
BRH:0
end_of_record
TN:
SF:middleware/auth.js
FN:7,isAuth
FNF:1
FNH:1
FNDA:29,isAuth
DA:1,1
DA:2,1
DA:3,1
DA:4,1
DA:5,1
DA:6,1
DA:7,1
DA:8,29
DA:9,29
DA:10,2
DA:11,2
DA:12,27
DA:13,27
DA:14,27
DA:15,27
DA:16,1
DA:17,1
DA:18,27
DA:19,27
DA:20,1
DA:21,1
DA:22,25
DA:23,25
DA:24,25
DA:25,25
DA:26,27
LF:26
LH:26
BRDA:7,0,0,29
BRDA:9,1,0,28
BRDA:9,2,0,2
BRDA:12,3,0,27
BRDA:14,4,0,27
BRDA:15,5,0,1
BRDA:19,6,0,25
BRDA:19,7,0,1
BRF:8
BRH:8
end_of_record
TN:
SF:middleware/validator.js
FN:3,validate
FNF:1
FNH:1
FNDA:70,validate
DA:1,1
DA:2,1
DA:3,1
DA:4,70
DA:5,70
DA:6,63
DA:7,63
DA:8,69
DA:9,69
LF:9
LH:9
BRDA:3,0,0,70
BRDA:5,1,0,69
BRDA:5,2,0,63
BRF:3
BRH:3
end_of_record
TN:
SF:router/auth.js
FNF:0
FNH:0
DA:1,1
DA:2,1
DA:3,1
DA:4,1
DA:5,1
DA:6,1
DA:7,1
DA:8,1
DA:9,1
DA:10,1
DA:11,1
DA:12,1
DA:13,1
DA:14,1
DA:15,1
DA:16,1
DA:17,1
DA:18,1
DA:19,1
DA:20,1
DA:21,1
DA:22,1
DA:23,1
DA:24,1
DA:25,1
DA:26,1
DA:27,1
DA:28,1
DA:29,1
DA:30,1
DA:31,1
DA:32,1
DA:33,1
DA:34,1
DA:35,1
DA:36,1
DA:37,1
DA:38,1
LF:38
LH:38
BRF:0
BRH:0
end_of_record
TN:
SF:router/tweets.js
FN:17,tweetsRouter
FNF:1
FNH:1
FNDA:1,tweetsRouter
DA:1,1
DA:2,1
DA:3,1
DA:4,1
DA:5,1
DA:6,1
DA:7,1
DA:8,1
DA:9,1
DA:10,1
DA:11,1
DA:12,1
DA:13,1
DA:14,1
DA:15,1
DA:16,1
DA:17,1
DA:18,1
DA:19,1
DA:20,1
DA:21,1
DA:22,1
DA:23,1
DA:24,1
DA:25,1
DA:26,1
DA:27,1
DA:28,1
DA:29,1
DA:30,1
DA:31,1
DA:32,1
DA:33,1
DA:34,1
LF:34
LH:34
BRDA:17,0,0,1
BRF:1
BRH:1
end_of_record
